{
  metadata: SyntaxError: Expected double-quoted property name in JSON at position 150
      at JSON.parse (<anonymous>)
      at parse (/mnt/d/MasterFullStack/BACKEND/BACKEND EXPERTO/Modulo 3 - Node JS/Backend-Node-Project/node_modules/body-parser/lib/types/json.js:92:19)
      at /mnt/d/MasterFullStack/BACKEND/BACKEND EXPERTO/Modulo 3 - Node JS/Backend-Node-Project/node_modules/body-parser/lib/read.js:128:18
      at AsyncResource.runInAsyncScope (node:async_hooks:206:9)
      at invokeCallback (/mnt/d/MasterFullStack/BACKEND/BACKEND EXPERTO/Modulo 3 - Node JS/Backend-Node-Project/node_modules/raw-body/index.js:238:16)
      at done (/mnt/d/MasterFullStack/BACKEND/BACKEND EXPERTO/Modulo 3 - Node JS/Backend-Node-Project/node_modules/raw-body/index.js:227:7)
      at IncomingMessage.onEnd (/mnt/d/MasterFullStack/BACKEND/BACKEND EXPERTO/Modulo 3 - Node JS/Backend-Node-Project/node_modules/raw-body/index.js:287:7)
      at IncomingMessage.emit (node:events:519:28)
      at endReadableNT (node:internal/streams/readable:1696:12)
      at process.processTicksAndRejections (node:internal/process/task_queues:82:21) {
    expose: true,
    statusCode: 400,
    status: 400,
    body: '{\n' +
      '    "user": "1680fa4e-d315-469d-8b66-fc88299500eb",\n' +
      '    "title":"Test Ticket 16 ",\n' +
      '    "description":"This is a test ticket",\n' +
      '    "priority":"low",\n' +
      '}',
    type: 'entity.parse.failed'
  },
  level: 'error',
  message: 'Expected double-quoted property name in JSON at position 150',
  timestamp: '2024-10-24T16:04:36.775Z'
}
{
  metadata: SyntaxError: Expected double-quoted property name in JSON at position 150
      at JSON.parse (<anonymous>)
      at parse (/mnt/d/MasterFullStack/BACKEND/BACKEND EXPERTO/Modulo 3 - Node JS/Backend-Node-Project/node_modules/body-parser/lib/types/json.js:92:19)
      at /mnt/d/MasterFullStack/BACKEND/BACKEND EXPERTO/Modulo 3 - Node JS/Backend-Node-Project/node_modules/body-parser/lib/read.js:128:18
      at AsyncResource.runInAsyncScope (node:async_hooks:206:9)
      at invokeCallback (/mnt/d/MasterFullStack/BACKEND/BACKEND EXPERTO/Modulo 3 - Node JS/Backend-Node-Project/node_modules/raw-body/index.js:238:16)
      at done (/mnt/d/MasterFullStack/BACKEND/BACKEND EXPERTO/Modulo 3 - Node JS/Backend-Node-Project/node_modules/raw-body/index.js:227:7)
      at IncomingMessage.onEnd (/mnt/d/MasterFullStack/BACKEND/BACKEND EXPERTO/Modulo 3 - Node JS/Backend-Node-Project/node_modules/raw-body/index.js:287:7)
      at IncomingMessage.emit (node:events:519:28)
      at endReadableNT (node:internal/streams/readable:1696:12)
      at process.processTicksAndRejections (node:internal/process/task_queues:82:21) {
    expose: true,
    statusCode: 400,
    status: 400,
    body: '{\n' +
      '    "user": "1680fa4e-d315-469d-8b66-fc88299500eb",\n' +
      '    "title":"Test Ticket 16 ",\n' +
      '    "description":"This is a test ticket",\n' +
      '    "priority":"low",\n' +
      '}',
    type: 'entity.parse.failed'
  },
  level: 'error',
  message: 'Expected double-quoted property name in JSON at position 150',
  timestamp: '2024-10-24T16:04:39.455Z'
}
